<?xml version="1.0" encoding="UTF-8"?>
<testsuite name="chap02.PasswordStrengthMeterTest" tests="9" skipped="0" failures="0" errors="0" timestamp="2021-10-20T11:13:15" hostname="DESKTOP-MVBINBV" time="0.02">
  <properties/>
  <testcase name="meetsAllCriteria_Then_String()" classname="chap02.PasswordStrengthMeterTest" time="0.014"/>
  <testcase name="meetsOnlyLengthCriteria_Then_Weak()" classname="chap02.PasswordStrengthMeterTest" time="0.001"/>
  <testcase name="nullInput_Then_Invalid()" classname="chap02.PasswordStrengthMeterTest" time="0.001"/>
  <testcase name="meetsOtherCriteria_except_for_Uppercase_Then_Normal()" classname="chap02.PasswordStrengthMeterTest" time="0.0"/>
  <testcase name="meetsNoCriteria_Then_Weak()" classname="chap02.PasswordStrengthMeterTest" time="0.0"/>
  <testcase name="name()" classname="chap02.PasswordStrengthMeterTest" time="0.001"/>
  <testcase name="emptyInput_Then_Invalid()" classname="chap02.PasswordStrengthMeterTest" time="0.0"/>
  <testcase name="meetsOtherCriteria_except_for_number_Then_Normal()" classname="chap02.PasswordStrengthMeterTest" time="0.0"/>
  <testcase name="meetsOtherCriteria_except_for_Length_Then_Normal()" classname="chap02.PasswordStrengthMeterTest" time="0.001"/>
  <system-out><![CDATA[]]></system-out>
  <system-err><![CDATA[]]></system-err>
</testsuite>
